<?xml version="1.0" encoding="UTF-8"?>
<!-- Generated by org.testng.reporters.JUnitReportReporter -->
<testsuite skipped="0" hostname="NBASHAPF16UE23" name="com.opentext.cmd.scripts.ptscripts" tests="8" failures="0" timestamp="09 Jun 2021 17:05:32 GMT" time="23.875" errors="0">
  <testcase name="test_create_businessunit6" time="0.063" classname="com.opentext.cmd.scripts.ptscripts"/>
  <testcase name="test_create_businessunit2" time="0.117" classname="com.opentext.cmd.scripts.ptscripts"/>
  <testcase name="test_create_businessunit4" time="0.068" classname="com.opentext.cmd.scripts.ptscripts"/>
  <testcase name="test_create_businessunit8" time="0.118" classname="com.opentext.cmd.scripts.ptscripts"/>
  <testcase name="test_create_businessunit3" time="0.061" classname="com.opentext.cmd.scripts.ptscripts"/>
  <testcase name="test_create_businessunit1" time="23.340" classname="com.opentext.cmd.scripts.ptscripts"/>
  <testcase name="test_create_businessunit5" time="0.051" classname="com.opentext.cmd.scripts.ptscripts"/>
  <testcase name="test_create_businessunit7" time="0.057" classname="com.opentext.cmd.scripts.ptscripts"/>
</testsuite> <!-- com.opentext.cmd.scripts.ptscripts -->
